[31merror[39m: [31mIncorrect Password.[39m
[31mwarning[39m: [31mProduct ID 678 do not exists.[39m
[33merror[39m: getLoginForm controller error.

[33merror[39m: getLoginForm controller error: TypeError: colors[Colorizer.allColors[lookup]] is not a function
[33merror[39m: getLoginForm controller error: TypeError: colors[Colorizer.allColors[lookup]] is not a function
[33merror[39m: getLoginForm controller error: TypeError: colors[Colorizer.allColors[lookup]] is not a function
[33merror[39m: getLoginForm controller error: TypeError: colors[Colorizer.allColors[lookup]] is not a function
[33merror[39m: getLoginForm controller error: TypeError: colors[Colorizer.allColors[lookup]] is not a function
[33merror[39m: getLoginForm controller error: TypeError: colors[Colorizer.allColors[lookup]] is not a function
[33merror[39m: getLoginForm controller error: TypeError: colors[Colorizer.allColors[lookup]] is not a function
[31merror[39m: Incorrect Password.
[33merror[39m: [33mgetLoginForm controller error: TypeError: colors[Colorizer.allColors[lookup]] is not a function[39m
[33merror[39m: [33mgetLoginForm controller error: TypeError: colors[Colorizer.allColors[lookup]] is not a function[39m
[33merror[39m: getLoginForm controller error: TypeError: colors[Colorizer.allColors[lookup]] is not a function
[33merror[39m: getLoginForm controller error: TypeError: colors[Colorizer.allColors[lookup]] is not a function
 [LOGGER]  23-08-01 22:05:43  [33m[33merror[33m[39m : [33mgetLoginForm controller error: TypeError: colors[Colorizer.allColors[lookup]] is not a function[39m
 [LOGGER]  23-08-01 22:05:44  [33m[33merror[33m[39m : [33mgetLoginForm controller error: TypeError: colors[Colorizer.allColors[lookup]] is not a function[39m
 [33m[33merror[33m[39m  23-08-01 22:07:00 : [33mgetLoginForm controller error: TypeError: colors[Colorizer.allColors[lookup]] is not a function[39m
 [33m[33merror[33m[39m  23-08-01 22:07:11 : [33mgetLoginForm controller error: TypeError: colors[Colorizer.allColors[lookup]] is not a function[39m
 [33m[33merror[33m[39m  23-08-01 22:07:18 : [33mgetLoginForm controller error: TypeError: colors[Colorizer.allColors[lookup]] is not a function[39m
[33merror[39m: [33mgetLoginForm controller error: TypeError: colors[Colorizer.allColors[lookup]] is not a function[39m
[33merror[39m: [33mgetLoginForm controller error: TypeError: colors[Colorizer.allColors[lookup]] is not a function[39m
[33merror[39m: [33mgetLoginForm controller error: TypeError: colors[Colorizer.allColors[lookup]] is not a function[39m
[33merror[39m: getLoginForm controller error: TypeError: colors[Colorizer.allColors[lookup]] is not a function
[33merror[39m: getLoginForm controller error: TypeError: colors[Colorizer.allColors[lookup]] is not a function
[33merror[39m: getLoginForm controller error: TypeError: colors[Colorizer.allColors[lookup]] is not a function
[33merror[39m: getLoginForm controller error: TypeError: colors[Colorizer.allColors[lookup]] is not a function
[33merror[39m: [33mgetLoginForm controller error: TypeError: colors[Colorizer.allColors[lookup]] is not a function[39m
[33merror[39m: [33mgetLoginForm controller error: TypeError: colors[Colorizer.allColors[lookup]] is not a function[39m
